[0.137s] DEBUG:colcon:Command line arguments: ['/usr/bin/colcon', 'list', '-p', '--base-paths', '/home/naali/tortoisebot_ws/src']
[0.137s] DEBUG:colcon:Parsed command line arguments: Namespace(allow_overriding=[], base_paths=['/home/naali/tortoisebot_ws/src'], build_base='build', ignore_user_meta=False, log_base=None, log_level=None, main=<bound method ListVerb.main of <colcon_package_information.verb.list.ListVerb object at 0x7f413f017b80>>, metas=['./colcon.meta'], mixin=None, mixin_files=None, mixin_verb=('list',), names_only=False, packages_above=None, packages_above_and_dependencies=None, packages_above_depth=None, packages_end=None, packages_ignore=None, packages_ignore_regex=None, packages_select=None, packages_select_build_failed=False, packages_select_by_dep=None, packages_select_regex=None, packages_select_test_failures=False, packages_skip=None, packages_skip_build_finished=False, packages_skip_by_dep=None, packages_skip_regex=None, packages_skip_test_passed=False, packages_skip_up_to=None, packages_start=None, packages_up_to=None, packages_up_to_regex=None, paths=None, paths_only=True, topological_graph=False, topological_graph_density=False, topological_graph_dot=False, topological_graph_dot_cluster=False, topological_graph_dot_include_skipped=False, topological_graph_legend=False, topological_order=False, verb_extension=<colcon_package_information.verb.list.ListVerb object at 0x7f413f017b80>, verb_name='list', verb_parser=<colcon_mixin.mixin.mixin_argument.MixinArgumentDecorator object at 0x7f413f0298b0>)
[0.254s] Level 1:colcon.colcon_core.package_discovery:discover_packages(colcon_meta) check parameters
[0.254s] Level 1:colcon.colcon_core.package_discovery:discover_packages(recursive) check parameters
[0.254s] Level 1:colcon.colcon_core.package_discovery:discover_packages(ignore) check parameters
[0.254s] Level 1:colcon.colcon_core.package_discovery:discover_packages(path) check parameters
[0.254s] Level 1:colcon.colcon_core.package_discovery:discover_packages(recursive) discover
[0.254s] INFO:colcon.colcon_core.package_discovery:Crawling recursively for packages in '/home/naali/tortoisebot_ws/src'
[0.254s] Level 1:colcon.colcon_core.package_identification:_identify(/home/naali/tortoisebot_ws/src) by extensions ['ignore', 'ignore_ament_install']
[0.255s] Level 1:colcon.colcon_core.package_identification:_identify(/home/naali/tortoisebot_ws/src) by extension 'ignore'
[0.255s] Level 1:colcon.colcon_core.package_identification:_identify(/home/naali/tortoisebot_ws/src) by extension 'ignore_ament_install'
[0.255s] Level 1:colcon.colcon_core.package_identification:_identify(/home/naali/tortoisebot_ws/src) by extensions ['colcon_pkg']
[0.255s] Level 1:colcon.colcon_core.package_identification:_identify(/home/naali/tortoisebot_ws/src) by extension 'colcon_pkg'
[0.255s] Level 1:colcon.colcon_core.package_identification:_identify(/home/naali/tortoisebot_ws/src) by extensions ['colcon_meta']
[0.255s] Level 1:colcon.colcon_core.package_identification:_identify(/home/naali/tortoisebot_ws/src) by extension 'colcon_meta'
[0.255s] Level 1:colcon.colcon_core.package_identification:_identify(/home/naali/tortoisebot_ws/src) by extensions ['ros']
[0.255s] Level 1:colcon.colcon_core.package_identification:_identify(/home/naali/tortoisebot_ws/src) by extension 'ros'
[0.263s] Level 1:colcon.colcon_core.package_identification:_identify(/home/naali/tortoisebot_ws/src) by extensions ['cmake', 'python']
[0.263s] Level 1:colcon.colcon_core.package_identification:_identify(/home/naali/tortoisebot_ws/src) by extension 'cmake'
[0.263s] Level 1:colcon.colcon_core.package_identification:_identify(/home/naali/tortoisebot_ws/src) by extension 'python'
[0.263s] Level 1:colcon.colcon_core.package_identification:_identify(/home/naali/tortoisebot_ws/src) by extensions ['python_setup_py']
[0.263s] Level 1:colcon.colcon_core.package_identification:_identify(/home/naali/tortoisebot_ws/src) by extension 'python_setup_py'
[0.263s] Level 1:colcon.colcon_core.package_identification:_identify(/home/naali/tortoisebot_ws/src/log) by extensions ['ignore', 'ignore_ament_install']
[0.263s] Level 1:colcon.colcon_core.package_identification:_identify(/home/naali/tortoisebot_ws/src/log) by extension 'ignore'
[0.263s] Level 1:colcon.colcon_core.package_identification:_identify(/home/naali/tortoisebot_ws/src/log) ignored
[0.263s] Level 1:colcon.colcon_core.package_identification:_identify(/home/naali/tortoisebot_ws/src/tortoisebot) by extensions ['ignore', 'ignore_ament_install']
[0.263s] Level 1:colcon.colcon_core.package_identification:_identify(/home/naali/tortoisebot_ws/src/tortoisebot) by extension 'ignore'
[0.263s] Level 1:colcon.colcon_core.package_identification:_identify(/home/naali/tortoisebot_ws/src/tortoisebot) by extension 'ignore_ament_install'
[0.263s] Level 1:colcon.colcon_core.package_identification:_identify(/home/naali/tortoisebot_ws/src/tortoisebot) by extensions ['colcon_pkg']
[0.263s] Level 1:colcon.colcon_core.package_identification:_identify(/home/naali/tortoisebot_ws/src/tortoisebot) by extension 'colcon_pkg'
[0.263s] Level 1:colcon.colcon_core.package_identification:_identify(/home/naali/tortoisebot_ws/src/tortoisebot) by extensions ['colcon_meta']
[0.263s] Level 1:colcon.colcon_core.package_identification:_identify(/home/naali/tortoisebot_ws/src/tortoisebot) by extension 'colcon_meta'
[0.263s] Level 1:colcon.colcon_core.package_identification:_identify(/home/naali/tortoisebot_ws/src/tortoisebot) by extensions ['ros']
[0.264s] Level 1:colcon.colcon_core.package_identification:_identify(/home/naali/tortoisebot_ws/src/tortoisebot) by extension 'ros'
[0.264s] Level 1:colcon.colcon_core.package_identification:_identify(/home/naali/tortoisebot_ws/src/tortoisebot) by extensions ['cmake', 'python']
[0.264s] Level 1:colcon.colcon_core.package_identification:_identify(/home/naali/tortoisebot_ws/src/tortoisebot) by extension 'cmake'
[0.264s] Level 1:colcon.colcon_core.package_identification:_identify(/home/naali/tortoisebot_ws/src/tortoisebot) by extension 'python'
[0.264s] Level 1:colcon.colcon_core.package_identification:_identify(/home/naali/tortoisebot_ws/src/tortoisebot) by extensions ['python_setup_py']
[0.264s] Level 1:colcon.colcon_core.package_identification:_identify(/home/naali/tortoisebot_ws/src/tortoisebot) by extension 'python_setup_py'
[0.264s] Level 1:colcon.colcon_core.package_identification:_identify(/home/naali/tortoisebot_ws/src/tortoisebot_bringup) by extensions ['ignore', 'ignore_ament_install']
[0.264s] Level 1:colcon.colcon_core.package_identification:_identify(/home/naali/tortoisebot_ws/src/tortoisebot_bringup) by extension 'ignore'
[0.264s] Level 1:colcon.colcon_core.package_identification:_identify(/home/naali/tortoisebot_ws/src/tortoisebot_bringup) by extension 'ignore_ament_install'
[0.264s] Level 1:colcon.colcon_core.package_identification:_identify(/home/naali/tortoisebot_ws/src/tortoisebot_bringup) by extensions ['colcon_pkg']
[0.264s] Level 1:colcon.colcon_core.package_identification:_identify(/home/naali/tortoisebot_ws/src/tortoisebot_bringup) by extension 'colcon_pkg'
[0.264s] Level 1:colcon.colcon_core.package_identification:_identify(/home/naali/tortoisebot_ws/src/tortoisebot_bringup) by extensions ['colcon_meta']
[0.264s] Level 1:colcon.colcon_core.package_identification:_identify(/home/naali/tortoisebot_ws/src/tortoisebot_bringup) by extension 'colcon_meta'
[0.264s] Level 1:colcon.colcon_core.package_identification:_identify(/home/naali/tortoisebot_ws/src/tortoisebot_bringup) by extensions ['ros']
[0.264s] Level 1:colcon.colcon_core.package_identification:_identify(/home/naali/tortoisebot_ws/src/tortoisebot_bringup) by extension 'ros'
[0.266s] DEBUG:colcon.colcon_core.package_identification:Package '/home/naali/tortoisebot_ws/src/tortoisebot_bringup' with type 'ros.ament_cmake' and name 'tortoisebot_bringup'
[0.266s] Level 1:colcon.colcon_core.package_identification:_identify(/home/naali/tortoisebot_ws/src/tortoisebot_control) by extensions ['ignore', 'ignore_ament_install']
[0.266s] Level 1:colcon.colcon_core.package_identification:_identify(/home/naali/tortoisebot_ws/src/tortoisebot_control) by extension 'ignore'
[0.266s] Level 1:colcon.colcon_core.package_identification:_identify(/home/naali/tortoisebot_ws/src/tortoisebot_control) by extension 'ignore_ament_install'
[0.266s] Level 1:colcon.colcon_core.package_identification:_identify(/home/naali/tortoisebot_ws/src/tortoisebot_control) by extensions ['colcon_pkg']
[0.266s] Level 1:colcon.colcon_core.package_identification:_identify(/home/naali/tortoisebot_ws/src/tortoisebot_control) by extension 'colcon_pkg'
[0.266s] Level 1:colcon.colcon_core.package_identification:_identify(/home/naali/tortoisebot_ws/src/tortoisebot_control) by extensions ['colcon_meta']
[0.266s] Level 1:colcon.colcon_core.package_identification:_identify(/home/naali/tortoisebot_ws/src/tortoisebot_control) by extension 'colcon_meta'
[0.266s] Level 1:colcon.colcon_core.package_identification:_identify(/home/naali/tortoisebot_ws/src/tortoisebot_control) by extensions ['ros']
[0.266s] Level 1:colcon.colcon_core.package_identification:_identify(/home/naali/tortoisebot_ws/src/tortoisebot_control) by extension 'ros'
[0.266s] DEBUG:colcon.colcon_core.package_identification:Package '/home/naali/tortoisebot_ws/src/tortoisebot_control' with type 'ros.ament_python' and name 'tortoisebot_control'
[0.266s] Level 1:colcon.colcon_core.package_identification:_identify(/home/naali/tortoisebot_ws/src/tortoisebot_description) by extensions ['ignore', 'ignore_ament_install']
[0.266s] Level 1:colcon.colcon_core.package_identification:_identify(/home/naali/tortoisebot_ws/src/tortoisebot_description) by extension 'ignore'
[0.266s] Level 1:colcon.colcon_core.package_identification:_identify(/home/naali/tortoisebot_ws/src/tortoisebot_description) by extension 'ignore_ament_install'
[0.267s] Level 1:colcon.colcon_core.package_identification:_identify(/home/naali/tortoisebot_ws/src/tortoisebot_description) by extensions ['colcon_pkg']
[0.267s] Level 1:colcon.colcon_core.package_identification:_identify(/home/naali/tortoisebot_ws/src/tortoisebot_description) by extension 'colcon_pkg'
[0.267s] Level 1:colcon.colcon_core.package_identification:_identify(/home/naali/tortoisebot_ws/src/tortoisebot_description) by extensions ['colcon_meta']
[0.267s] Level 1:colcon.colcon_core.package_identification:_identify(/home/naali/tortoisebot_ws/src/tortoisebot_description) by extension 'colcon_meta'
[0.267s] Level 1:colcon.colcon_core.package_identification:_identify(/home/naali/tortoisebot_ws/src/tortoisebot_description) by extensions ['ros']
[0.267s] Level 1:colcon.colcon_core.package_identification:_identify(/home/naali/tortoisebot_ws/src/tortoisebot_description) by extension 'ros'
[0.267s] DEBUG:colcon.colcon_core.package_identification:Package '/home/naali/tortoisebot_ws/src/tortoisebot_description' with type 'ros.ament_cmake' and name 'tortoisebot_description'
[0.267s] Level 1:colcon.colcon_core.package_identification:_identify(/home/naali/tortoisebot_ws/src/tortoisebot_firmware) by extensions ['ignore', 'ignore_ament_install']
[0.267s] Level 1:colcon.colcon_core.package_identification:_identify(/home/naali/tortoisebot_ws/src/tortoisebot_firmware) by extension 'ignore'
[0.267s] Level 1:colcon.colcon_core.package_identification:_identify(/home/naali/tortoisebot_ws/src/tortoisebot_firmware) by extension 'ignore_ament_install'
[0.267s] Level 1:colcon.colcon_core.package_identification:_identify(/home/naali/tortoisebot_ws/src/tortoisebot_firmware) by extensions ['colcon_pkg']
[0.267s] Level 1:colcon.colcon_core.package_identification:_identify(/home/naali/tortoisebot_ws/src/tortoisebot_firmware) by extension 'colcon_pkg'
[0.267s] Level 1:colcon.colcon_core.package_identification:_identify(/home/naali/tortoisebot_ws/src/tortoisebot_firmware) by extensions ['colcon_meta']
[0.267s] Level 1:colcon.colcon_core.package_identification:_identify(/home/naali/tortoisebot_ws/src/tortoisebot_firmware) by extension 'colcon_meta'
[0.267s] Level 1:colcon.colcon_core.package_identification:_identify(/home/naali/tortoisebot_ws/src/tortoisebot_firmware) by extensions ['ros']
[0.267s] Level 1:colcon.colcon_core.package_identification:_identify(/home/naali/tortoisebot_ws/src/tortoisebot_firmware) by extension 'ros'
[0.268s] DEBUG:colcon.colcon_core.package_identification:Package '/home/naali/tortoisebot_ws/src/tortoisebot_firmware' with type 'ros.ament_cmake' and name 'tortoisebot_firmware'
[0.268s] Level 1:colcon.colcon_core.package_identification:_identify(/home/naali/tortoisebot_ws/src/tortoisebot_gazebo) by extensions ['ignore', 'ignore_ament_install']
[0.268s] Level 1:colcon.colcon_core.package_identification:_identify(/home/naali/tortoisebot_ws/src/tortoisebot_gazebo) by extension 'ignore'
[0.268s] Level 1:colcon.colcon_core.package_identification:_identify(/home/naali/tortoisebot_ws/src/tortoisebot_gazebo) by extension 'ignore_ament_install'
[0.268s] Level 1:colcon.colcon_core.package_identification:_identify(/home/naali/tortoisebot_ws/src/tortoisebot_gazebo) by extensions ['colcon_pkg']
[0.268s] Level 1:colcon.colcon_core.package_identification:_identify(/home/naali/tortoisebot_ws/src/tortoisebot_gazebo) by extension 'colcon_pkg'
[0.268s] Level 1:colcon.colcon_core.package_identification:_identify(/home/naali/tortoisebot_ws/src/tortoisebot_gazebo) by extensions ['colcon_meta']
[0.268s] Level 1:colcon.colcon_core.package_identification:_identify(/home/naali/tortoisebot_ws/src/tortoisebot_gazebo) by extension 'colcon_meta'
[0.268s] Level 1:colcon.colcon_core.package_identification:_identify(/home/naali/tortoisebot_ws/src/tortoisebot_gazebo) by extensions ['ros']
[0.268s] Level 1:colcon.colcon_core.package_identification:_identify(/home/naali/tortoisebot_ws/src/tortoisebot_gazebo) by extension 'ros'
[0.268s] DEBUG:colcon.colcon_core.package_identification:Package '/home/naali/tortoisebot_ws/src/tortoisebot_gazebo' with type 'ros.ament_cmake' and name 'tortoisebot_gazebo'
[0.268s] Level 1:colcon.colcon_core.package_identification:_identify(/home/naali/tortoisebot_ws/src/tortoisebot_navigation) by extensions ['ignore', 'ignore_ament_install']
[0.269s] Level 1:colcon.colcon_core.package_identification:_identify(/home/naali/tortoisebot_ws/src/tortoisebot_navigation) by extension 'ignore'
[0.269s] Level 1:colcon.colcon_core.package_identification:_identify(/home/naali/tortoisebot_ws/src/tortoisebot_navigation) by extension 'ignore_ament_install'
[0.269s] Level 1:colcon.colcon_core.package_identification:_identify(/home/naali/tortoisebot_ws/src/tortoisebot_navigation) by extensions ['colcon_pkg']
[0.269s] Level 1:colcon.colcon_core.package_identification:_identify(/home/naali/tortoisebot_ws/src/tortoisebot_navigation) by extension 'colcon_pkg'
[0.269s] Level 1:colcon.colcon_core.package_identification:_identify(/home/naali/tortoisebot_ws/src/tortoisebot_navigation) by extensions ['colcon_meta']
[0.269s] Level 1:colcon.colcon_core.package_identification:_identify(/home/naali/tortoisebot_ws/src/tortoisebot_navigation) by extension 'colcon_meta'
[0.269s] Level 1:colcon.colcon_core.package_identification:_identify(/home/naali/tortoisebot_ws/src/tortoisebot_navigation) by extensions ['ros']
[0.269s] Level 1:colcon.colcon_core.package_identification:_identify(/home/naali/tortoisebot_ws/src/tortoisebot_navigation) by extension 'ros'
[0.269s] DEBUG:colcon.colcon_core.package_identification:Package '/home/naali/tortoisebot_ws/src/tortoisebot_navigation' with type 'ros.ament_cmake' and name 'tortoisebot_navigation'
[0.269s] Level 1:colcon.colcon_core.package_identification:_identify(/home/naali/tortoisebot_ws/src/tortoisebot_slam) by extensions ['ignore', 'ignore_ament_install']
[0.269s] Level 1:colcon.colcon_core.package_identification:_identify(/home/naali/tortoisebot_ws/src/tortoisebot_slam) by extension 'ignore'
[0.269s] Level 1:colcon.colcon_core.package_identification:_identify(/home/naali/tortoisebot_ws/src/tortoisebot_slam) by extension 'ignore_ament_install'
[0.269s] Level 1:colcon.colcon_core.package_identification:_identify(/home/naali/tortoisebot_ws/src/tortoisebot_slam) by extensions ['colcon_pkg']
[0.269s] Level 1:colcon.colcon_core.package_identification:_identify(/home/naali/tortoisebot_ws/src/tortoisebot_slam) by extension 'colcon_pkg'
[0.269s] Level 1:colcon.colcon_core.package_identification:_identify(/home/naali/tortoisebot_ws/src/tortoisebot_slam) by extensions ['colcon_meta']
[0.269s] Level 1:colcon.colcon_core.package_identification:_identify(/home/naali/tortoisebot_ws/src/tortoisebot_slam) by extension 'colcon_meta'
[0.269s] Level 1:colcon.colcon_core.package_identification:_identify(/home/naali/tortoisebot_ws/src/tortoisebot_slam) by extensions ['ros']
[0.269s] Level 1:colcon.colcon_core.package_identification:_identify(/home/naali/tortoisebot_ws/src/tortoisebot_slam) by extension 'ros'
[0.270s] DEBUG:colcon.colcon_core.package_identification:Package '/home/naali/tortoisebot_ws/src/tortoisebot_slam' with type 'ros.ament_cmake' and name 'tortoisebot_slam'
[0.270s] Level 1:colcon.colcon_core.package_identification:_identify(/home/naali/tortoisebot_ws/src/ydlidar-ros2) by extensions ['ignore', 'ignore_ament_install']
[0.270s] Level 1:colcon.colcon_core.package_identification:_identify(/home/naali/tortoisebot_ws/src/ydlidar-ros2) by extension 'ignore'
[0.270s] Level 1:colcon.colcon_core.package_identification:_identify(/home/naali/tortoisebot_ws/src/ydlidar-ros2) by extension 'ignore_ament_install'
[0.270s] Level 1:colcon.colcon_core.package_identification:_identify(/home/naali/tortoisebot_ws/src/ydlidar-ros2) by extensions ['colcon_pkg']
[0.270s] Level 1:colcon.colcon_core.package_identification:_identify(/home/naali/tortoisebot_ws/src/ydlidar-ros2) by extension 'colcon_pkg'
[0.270s] Level 1:colcon.colcon_core.package_identification:_identify(/home/naali/tortoisebot_ws/src/ydlidar-ros2) by extensions ['colcon_meta']
[0.270s] Level 1:colcon.colcon_core.package_identification:_identify(/home/naali/tortoisebot_ws/src/ydlidar-ros2) by extension 'colcon_meta'
[0.270s] Level 1:colcon.colcon_core.package_identification:_identify(/home/naali/tortoisebot_ws/src/ydlidar-ros2) by extensions ['ros']
[0.270s] Level 1:colcon.colcon_core.package_identification:_identify(/home/naali/tortoisebot_ws/src/ydlidar-ros2) by extension 'ros'
[0.270s] DEBUG:colcon.colcon_core.package_identification:Package '/home/naali/tortoisebot_ws/src/ydlidar-ros2' with type 'ros.ament_cmake' and name 'ydlidar'
[0.270s] Level 1:colcon.colcon_core.package_discovery:discover_packages(recursive) using defaults
